digraph path {
	node [label="\N"];
	graph [bb="0,0,83.745,1448"];
	0 [pos="44.745,1429", width="0.75", height="0.52778"];
	2 [pos="44.745,1241", width="0.75", height="0.52778"];
	6 [pos="44.745,865", width="0.75", height="0.52778"];
	14 [pos="44.745,113", width="0.75", height="0.52778"];
	13 [pos="44.745,207", width="0.75", height="0.52778"];
	15 [pos="44.745,19", width="0.75", height="0.52778"];
	12 [pos="44.745,301", width="0.75", height="0.52778"];
	11 [pos="44.745,395", width="0.75", height="0.52778"];
	10 [pos="44.745,489", width="0.75", height="0.52778"];
	9 [pos="44.745,583", width="0.75", height="0.52778"];
	8 [pos="44.745,677", width="0.75", height="0.52778"];
	5 [pos="44.745,959", width="0.75", height="0.52778"];
	7 [pos="44.745,771", width="0.75", height="0.52778"];
	4 [pos="44.745,1053", width="0.75", height="0.52778"];
	1 [pos="44.745,1335", width="0.75", height="0.52778"];
	3 [pos="44.745,1147", width="0.75", height="0.52778"];
	7 -> 8 [label="  1.0", pos="e,31.601,693.74 31.601,754.26 27.627,748.22 23.779,741.13 21.745,734 19.304,725.45 19.304,722.55 21.745,714 22.857,710.1 24.512,\
706.21 26.433,702.5", lp="34.245,724"];
	15 -> 14 [label="  1.0", pos="e,45.98,93.804 45.98,38.196 46.295,43.921 46.588,50.212 46.745,56 46.985,64.886 46.985,67.114 46.745,76 46.676,78.532 46.582,81.161\
 46.47,83.796", lp="59.245,66"];
	14 -> 15 [label="  1.0", pos="e,29.632,35.051 29.632,96.949 24.869,90.86 20.21,83.56 17.745,76 14.989,67.549 14.989,64.451 17.745,56 19.17,51.629 21.328,47.346\
 23.816,43.333", lp="30.245,66"];
	14 -> 13 [label="  1.0", pos="e,45.98,187.8 45.98,132.2 46.295,137.92 46.588,144.21 46.745,150 46.985,158.89 46.985,161.11 46.745,170 46.676,172.53 46.582,175.16\
 46.47,177.8", lp="59.245,160"];
	13 -> 14 [label="  1.0", pos="e,29.632,129.05 29.632,190.95 24.869,184.86 20.21,177.56 17.745,170 14.989,161.55 14.989,158.45 17.745,150 19.17,145.63 21.328,141.35\
 23.816,137.33", lp="30.245,160"];
	13 -> 12 [label="  1.0", pos="e,45.98,281.8 45.98,226.2 46.295,231.92 46.588,238.21 46.745,244 46.985,252.89 46.985,255.11 46.745,264 46.676,266.53 46.582,269.16\
 46.47,271.8", lp="59.245,254"];
	12 -> 13 [label="  1.0", pos="e,29.632,223.05 29.632,284.95 24.869,278.86 20.21,271.56 17.745,264 14.989,255.55 14.989,252.45 17.745,244 19.17,239.63 21.328,235.35\
 23.816,231.33", lp="30.245,254"];
	12 -> 11 [label="  1.0", pos="e,45.98,375.8 45.98,320.2 46.295,325.92 46.588,332.21 46.745,338 46.985,346.89 46.985,349.11 46.745,358 46.676,360.53 46.582,363.16\
 46.47,365.8", lp="59.245,348"];
	11 -> 12 [label="  1.0", pos="e,29.632,317.05 29.632,378.95 24.869,372.86 20.21,365.56 17.745,358 14.989,349.55 14.989,346.45 17.745,338 19.17,333.63 21.328,329.35\
 23.816,325.33", lp="30.245,348"];
	11 -> 10 [label="  1.0", pos="e,45.98,469.8 45.98,414.2 46.295,419.92 46.588,426.21 46.745,432 46.985,440.89 46.985,443.11 46.745,452 46.676,454.53 46.582,457.16\
 46.47,459.8", lp="59.245,442"];
	10 -> 11 [label="  1.0", pos="e,29.632,411.05 29.632,472.95 24.869,466.86 20.21,459.56 17.745,452 14.989,443.55 14.989,440.45 17.745,432 19.17,427.63 21.328,423.35\
 23.816,419.33", lp="30.245,442"];
	10 -> 9 [label="  1.0", pos="e,45.98,563.8 45.98,508.2 46.295,513.92 46.588,520.21 46.745,526 46.985,534.89 46.985,537.11 46.745,546 46.676,548.53 46.582,551.16\
 46.47,553.8", lp="59.245,536"];
	9 -> 10 [label="  1.0", pos="e,29.632,505.05 29.632,566.95 24.869,560.86 20.21,553.56 17.745,546 14.989,537.55 14.989,534.45 17.745,526 19.17,521.63 21.328,517.35\
 23.816,513.33", lp="30.245,536"];
	9 -> 8 [label="  1.0", pos="e,45.98,657.8 45.98,602.2 46.295,607.92 46.588,614.21 46.745,620 46.985,628.89 46.985,631.11 46.745,640 46.676,642.53 46.582,645.16\
 46.47,647.8", lp="59.245,630"];
	8 -> 9 [label="  1.0", pos="e,29.632,599.05 29.632,660.95 24.869,654.86 20.21,647.56 17.745,640 14.989,631.55 14.989,628.45 17.745,620 19.17,615.63 21.328,611.35\
 23.816,607.33", lp="30.245,630"];
	7 -> 6 [label="  1.0", pos="e,45.98,845.8 45.98,790.2 46.295,795.92 46.588,802.21 46.745,808 46.985,816.89 46.985,819.11 46.745,828 46.676,830.53 46.582,833.16\
 46.47,835.8", lp="59.245,818"];
	8 -> 7 [label="  1.0", pos="e,45.98,751.8 45.98,696.2 46.295,701.92 46.588,708.21 46.745,714 46.985,722.89 46.985,725.11 46.745,734 46.676,736.53 46.582,739.16\
 46.47,741.8", lp="59.245,724"];
	6 -> 7 [label="  1.0", pos="e,29.632,787.05 29.632,848.95 24.869,842.86 20.21,835.56 17.745,828 14.989,819.55 14.989,816.45 17.745,808 19.17,803.63 21.328,799.35\
 23.816,795.33", lp="30.245,818"];
	6 -> 5 [label="  1.0", pos="e,45.98,939.8 45.98,884.2 46.295,889.92 46.588,896.21 46.745,902 46.985,910.89 46.985,913.11 46.745,922 46.676,924.53 46.582,927.16\
 46.47,929.8", lp="59.245,912"];
	5 -> 6 [label="  1.0", pos="e,29.632,881.05 29.632,942.95 24.869,936.86 20.21,929.56 17.745,922 14.989,913.55 14.989,910.45 17.745,902 19.17,897.63 21.328,893.35\
 23.816,889.33", lp="30.245,912"];
	5 -> 4 [label="  1.0", pos="e,45.98,1033.8 45.98,978.2 46.295,983.92 46.588,990.21 46.745,996 46.985,1004.9 46.985,1007.1 46.745,1016 46.676,1018.5 46.582,1021.2\
 46.47,1023.8", lp="59.245,1006"];
	4 -> 5 [label="  1.0", pos="e,29.632,975.05 29.632,1036.9 24.869,1030.9 20.21,1023.6 17.745,1016 14.989,1007.5 14.989,1004.5 17.745,996 19.17,991.63 21.328,\
987.35 23.816,983.33", lp="30.245,1006"];
	4 -> 3 [label="  1.0", pos="e,44.745,1128 44.745,1072.3 44.745,1085.4 44.745,1103 44.745,1117.8", lp="57.245,1100"];
	3 -> 4 [label="  1.0", pos="e,28.836,1068.5 28.836,1131.5 23.617,1125.3 18.461,1117.9 15.745,1110 12.844,1101.6 12.844,1098.4 15.745,1090 17.357,1085.3 19.83\
,1080.8 22.666,1076.6", lp="28.245,1100"];
	3 -> 2 [label=" 10.0", pos="e,51.411,1222.4 51.411,1165.6 53.187,1171.4 54.857,1177.9 55.745,1184 57.024,1192.8 57.024,1195.2 55.745,1204 55.328,1206.9 54.74\
,1209.8 54.05,1212.7", lp="69.745,1194"];
	2 -> 3 [label=" 10.0", pos="e,24.081,1159.5 24.081,1228.5 15.824,1222.2 7.2252,1213.9 2.7446,1204 -0.91486,1195.9 -0.91486,1192.1 2.7446,1184 5.825,1177.2 10.852\
,1171.1 16.376,1166", lp="16.745,1194"];
	2 -> 1 [label="  1.0", pos="e,44.745,1316 44.745,1260.3 44.745,1273.4 44.745,1291 44.745,1305.8", lp="57.245,1288"];
	1 -> 2 [label="  1.0", pos="e,28.836,1256.5 28.836,1319.5 23.617,1313.3 18.461,1305.9 15.745,1298 12.844,1289.6 12.844,1286.4 15.745,1278 17.357,1273.3 19.83\
,1268.8 22.666,1264.6", lp="28.245,1288"];
	1 -> 0 [label="  1.0", pos="e,51.411,1410.4 51.411,1353.6 53.187,1359.4 54.857,1365.9 55.745,1372 57.024,1380.8 57.024,1383.2 55.745,1392 55.328,1394.9 54.74\
,1397.8 54.05,1400.7", lp="68.245,1382"];
	0 -> 1 [label="  1.0", pos="e,25.113,1348.2 25.113,1415.8 17.568,1409.6 9.7978,1401.4 5.7446,1392 2.2352,1383.8 2.2352,1380.2 5.7446,1372 8.4045,1365.8 12.665\
,1360.2 17.413,1355.3", lp="18.245,1382"];
	0 -> 1 [color=red, pos="e,44.745,1354.3 44.745,1410 44.745,1396.9 44.745,1379.4 44.745,1364.5"];
	1 -> 2 [color=red, pos="e,59.305,1257.1 59.305,1318.9 63.892,1312.8 68.377,1305.5 70.745,1298 73.425,1289.5 73.425,1286.5 70.745,1278 69.413,1273.8 67.411\
,1269.6 65.098,1265.7"];
	2 -> 3 [color=red, pos="e,44.745,1166.3 44.745,1222 44.745,1208.9 44.745,1191.4 44.745,1176.5"];
	3 -> 4 [color=red, pos="e,59.305,1069.1 59.305,1130.9 63.892,1124.8 68.377,1117.5 70.745,1110 73.425,1101.5 73.425,1098.5 70.745,1090 69.413,1085.8 67.411\
,1081.6 65.098,1077.7"];
}
