digraph tree {
	node [label="\N"];
	graph [bb="0,0,203.54,320"];
	0 [pos="34.537,301", width="0.75", height="0.52778"];
	2 [pos="34.537,19", width="0.75", height="0.52778"];
	4 [pos="171.54,19", width="0.75", height="0.52778"];
	1 [pos="34.537,207", width="0.75", height="0.52778"];
	3 [pos="99.537,113", width="0.75", height="0.52778"];
	1 -> 0 [label="  1.0", pos="e,35.772,281.8 35.772,226.2 36.087,231.92 36.381,238.21 36.537,244 36.777,252.89 36.777,255.11 36.537,264 36.468,266.53 36.374,269.16\
 36.263,271.8", lp="49.037,254"];
	4 -> 3 [label="  1.0", pos="e,125.57,107.41 177.22,37.807 179.64,49.625 180.51,64.713 173.54,76 165.07,89.7 149.82,98.497 135.36,104.06", lp="191.04,66"];
	3 -> 4 [label="  1.0", pos="e,158.53,35.977 112.41,96.195 123.5,81.715 139.67,60.603 152.3,44.117", lp="154.04,66"];
	3 -> 1 [label="  1.0", pos="e,54.012,193.61 94.813,131.85 91.289,143.54 85.668,158.47 77.537,170 73.166,176.2 67.534,182.01 61.795,187.12", lp="100.04,160"];
	1 -> 3 [label="  1.0", pos="e,77.593,124.17 35.889,187.96 37.491,176.19 40.974,161.25 48.537,150 53.871,142.07 61.507,135.24 69.251,129.69", lp="61.037,160"];
	3 -> 2 [label="  1.0", pos="e,37.574,37.968 78.411,100.47 69.326,94.14 59.269,85.738 52.537,76 46.773,67.663 42.787,57.39 40.061,47.872", lp="65.037,66"];
	2 -> 3 [label="  1.0", pos="e,94.813,94.153 54.012,32.395 62.154,38.778 71.179,46.986 77.537,56 83.572,64.556 88.224,74.989 91.662,84.579", lp="100.04,66"];
	2 -> 1 [label=" 10.0", pos="e,34.537,187.94 34.537,38.111 34.537,71.083 34.537,138.85 34.537,177.78", lp="48.537,113"];
	0 -> 1 [label="  1.0", pos="e,19.424,223.05 19.424,284.95 14.661,278.86 10.002,271.56 7.5368,264 4.7812,255.55 4.7812,252.45 7.5368,244 8.962,239.63 11.121,\
235.35 13.608,231.33", lp="20.037,254"];
	1 -> 2 [label=" 10.0", pos="e,24.497,36.822 24.497,189.18 16.773,174.39 6.733,152.53 2.5368,132 -0.84561,115.45 -0.84561,110.55 2.5368,94 5.9462,77.322 13.213\
,59.764 19.962,45.832", lp="16.537,113"];
}
